2026-02-09 18:16:03,258 [INFO] [Task1500] 资源统计:
2026-02-09 18:16:03,258 [INFO]   - 昵称库: 848 个
2026-02-09 18:16:03,259 [INFO]   - 认证图(1): 0 张
2026-02-09 18:16:03,259 [INFO]   - 认证图(2): 585 张
2026-02-09 18:16:03,259 [INFO]   - 认证图总计: 585 张
2026-02-09 18:16:03,259 [INFO] [Task1500] 开始执行: 数量=1, 线程=1
2026-02-09 18:16:03,260 [INFO] [1] 🚀 线程启动
2026-02-09 18:16:04,543 [INFO] [1] 📱 获取号码: 08029341759
2026-02-09 18:16:04,553 [INFO] [1] 资料: まや | 1978-12-20 | 图片类型: 2(驾驶证)
2026-02-09 18:16:10,199 [INFO] [1] 🌏 浏览器启动 (ID: 01483c4e799e4464bbbbfb8073bab9c3)
2026-02-09 18:16:10,430 [INFO] [1] 窗口序号: 8772
2026-02-09 18:16:10,433 [INFO] [1] 打开首页: https://www.194964.com/top.php
2026-02-09 18:16:17,426 [INFO] [1] 点击“無料ではじめる”
2026-02-09 18:16:19,519 [INFO] [1] 选择一级地域: 栃木
2026-02-09 18:16:24,036 [INFO] [1] 第三页提交完成
2026-02-09 18:16:26,116 [INFO] [1] 上传头像: resources\Avatar\5.jpg
2026-02-09 18:16:57,360 [INFO] [1] 提交手机号密码
2026-02-09 18:16:59,362 [INFO] [1] ⏳ 等待验证码...
2026-02-09 18:17:10,820 [INFO] ✅ [1] 获取到验证码: 3668
2026-02-09 18:17:11,876 [INFO] [1] 提交验证码
2026-02-09 18:17:14,206 [INFO] [1] 注册流程走完，准备认证上传...
2026-02-09 18:17:22,189 [INFO] [1] 上传认证图: temp_uploads\dkjsix.jpg
2026-02-09 18:17:27,318 [INFO] ✅ [1] 认证上传完成
2026-02-09 18:17:28,156 [INFO] ✅ [1] 🎉 全部流程结束!
