2026-02-09 19:03:01,766 [INFO] [Task1500] 资源统计:
2026-02-09 19:03:01,767 [INFO]   - 昵称库: 848 个
2026-02-09 19:03:01,767 [INFO]   - 认证图(1): 0 张
2026-02-09 19:03:01,767 [INFO]   - 认证图(2): 585 张
2026-02-09 19:03:01,767 [INFO]   - 认证图总计: 585 张
2026-02-09 19:03:01,767 [INFO] [Task1500] 开始执行: 数量=3, 线程=3
2026-02-09 19:03:01,768 [INFO] [1] 🚀 线程启动
2026-02-09 19:03:02,356 [INFO] [1] 📱 获取号码: 08016982302
2026-02-09 19:03:02,366 [INFO] [1] 资料: まな | 1974-09-24 | 图片类型: 2(驾驶证)
2026-02-09 19:03:04,769 [INFO] [2] 🚀 线程启动
2026-02-09 19:03:05,316 [INFO] [2] 📱 获取号码: 09043974385
2026-02-09 19:03:05,326 [INFO] [2] 资料: あきら | 1987-05-02 | 图片类型: 2(驾驶证)
2026-02-09 19:03:07,656 [INFO] [1] 🌏 浏览器启动 (ID: 1f20fd395e9e4901adc7094ca8779c28)
2026-02-09 19:03:07,769 [INFO] [1] 窗口序号: 8776
2026-02-09 19:03:07,770 [INFO] [3] 🚀 线程启动
2026-02-09 19:03:07,861 [INFO] [1] 打开首页: https://www.194964.com/top.php
2026-02-09 19:03:08,254 [INFO] [3] 📱 获取号码: 09023433671
2026-02-09 19:03:08,265 [INFO] [3] 资料: えりこ | 1984-09-28 | 图片类型: 2(驾驶证)
2026-02-09 19:03:15,119 [INFO] [1] 点击“無料ではじめる”
2026-02-09 19:03:16,155 [INFO] [3] 🌏 浏览器启动 (ID: 833250168eaa492a8acdd05c6f5d587b)
2026-02-09 19:03:16,337 [INFO] [3] 窗口序号: 8778
2026-02-09 19:03:16,455 [INFO] [3] 打开首页: https://www.194964.com/top.php
2026-02-09 19:03:17,083 [ERROR] ❌ [3] ❌ 异常: Page.goto: net::ERR_SOCKS_CONNECTION_FAILED at https://www.194964.com/top.php
Call log:
  - navigating to "https://www.194964.com/top.php", waiting until "domcontentloaded"

2026-02-09 19:03:17,244 [INFO] [1] 选择一级地域: 新潟
2026-02-09 19:03:17,569 [INFO] [3] 任务结束，保留窗口 (auto_close=False)
2026-02-09 19:03:24,059 [INFO] [1] 第三页提交完成
2026-02-09 19:03:26,181 [INFO] [1] 上传头像: resources\Avatar\574.jpg
2026-02-09 19:03:28,465 [INFO] [2] 🌏 浏览器启动 (ID: 253575c5e7df4af6beb97b71319f910a)
2026-02-09 19:03:28,583 [INFO] [2] 窗口序号: 8777
2026-02-09 19:03:28,683 [INFO] [2] 打开首页: https://www.194964.com/top.php
2026-02-09 19:03:33,516 [ERROR] ❌ [2] ❌ 异常: Page.goto: net::ERR_SOCKS_CONNECTION_FAILED at https://www.194964.com/top.php
Call log:
  - navigating to "https://www.194964.com/top.php", waiting until "domcontentloaded"

2026-02-09 19:03:33,991 [INFO] [2] 任务结束，保留窗口 (auto_close=False)
2026-02-09 19:03:38,101 [INFO] [1] 提交手机号密码
2026-02-09 19:03:40,102 [INFO] [1] ⏳ 等待验证码...
2026-02-09 19:03:57,464 [INFO] ✅ [1] 获取到验证码: 8740
2026-02-09 19:03:58,538 [INFO] [1] 提交验证码
2026-02-09 19:04:00,554 [INFO] [1] 注册流程走完，准备认证上传...
2026-02-09 19:04:05,590 [ERROR] ❌ [1] 认证图上传失败: Page.goto: net::ERR_SOCKS_CONNECTION_FAILED at https://sp.194964.com/nochild/certificate/show_certificate_picture.html
Call log:
  - navigating to "https://sp.194964.com/nochild/certificate/show_certificate_picture.html", waiting until "commit"

2026-02-09 19:04:06,109 [INFO] ✅ [1] 🎉 全部流程结束!
2026-02-09 19:04:06,109 [INFO] [1] 任务结束，保留窗口 (auto_close=False)
